<?xml version="1.0" encoding="UTF-8"?>
<testsuite xmlns:xsi="http://www.w3.org/2001/XMLSchema-instance" xsi:noNamespaceSchemaLocation="https://maven.apache.org/surefire/maven-surefire-plugin/xsd/surefire-test-report-3.0.xsd" version="3.0" name="pe.edu.bikeswap.bike_service.BikeServiceApplicationTests" time="29.422" tests="1" errors="0" skipped="0" failures="0">
  <properties>
[...]
</properties>
  <testcase name="contextLoads" classname="pe.edu.bikeswap.bike_service.BikeServiceApplicationTests" time="1.183">
    <system-out><![CDATA[21:11:51.449 [main] INFO org.springframework.test.context.support.AnnotationConfigContextLoaderUtils -- Could not detect default configuration classes for test class [pe.edu.bikeswap.bike_service.BikeServiceApplicationTests]: BikeServiceApplicationTests does not declare any static, non-private, non-final, nested classes annotated with @Configuration.
21:11:51.879 [main] INFO org.springframework.boot.test.context.SpringBootTestContextBootstrapper -- Found @SpringBootConfiguration pe.edu.bikeswap.bike_service.BikeServiceApplication for test class pe.edu.bikeswap.bike_service.BikeServiceApplicationTests
21:11:52.695 [main] INFO org.springframework.boot.devtools.restart.RestartApplicationListener -- Restart disabled due to context in which it is running

  .   ____          _            __ _ _
 /\\ / ___'_ __ _ _(_)_ __  __ _ \ \ \ \
( ( )\___ | '_ | '_| | '_ \/ _` | \ \ \ \
 \\/  ___)| |_)| | | | | || (_| |  ) ) ) )
  '  |____| .__|_| |_|_| |_\__, | / / / /
 =========|_|==============|___/=/_/_/_/
 :: Spring Boot ::                (v3.2.5)

2024-06-10T21:11:55.682-05:00  INFO 14716 --- [bike-service] [           main] p.e.b.b.BikeServiceApplicationTests      : Starting BikeServiceApplicationTests using Java 17.0.11 with PID 14716 (started by arnol in C:\Users\arnol\Downloads\BS-MicroServices-main\bike-service)
2024-06-10T21:11:55.684-05:00  INFO 14716 --- [bike-service] [           main] p.e.b.b.BikeServiceApplicationTests      : No active profile set, falling back to 1 default profile: "default"
2024-06-10T21:11:55.770-05:00 DEBUG 14716 --- [bike-service] [           main] o.s.w.c.s.GenericWebApplicationContext   : Refreshing org.springframework.web.context.support.GenericWebApplicationContext@12365c88
2024-06-10T21:11:59.406-05:00  INFO 14716 --- [bike-service] [           main] .s.d.r.c.RepositoryConfigurationDelegate : Bootstrapping Spring Data JPA repositories in DEFAULT mode.
2024-06-10T21:12:02.799-05:00  INFO 14716 --- [bike-service] [           main] .s.d.r.c.RepositoryConfigurationDelegate : Finished Spring Data repository scanning in 3374 ms. Found 2 JPA repository interfaces.
2024-06-10T21:12:03.851-05:00  INFO 14716 --- [bike-service] [           main] o.s.cloud.context.scope.GenericScope     : BeanFactory id=4e4728af-f7f9-34e2-85da-0c70de9e0bed
2024-06-10T21:12:04.319-05:00  WARN 14716 --- [bike-service] [           main] trationDelegate$BeanPostProcessorChecker : Bean 'org.springframework.cloud.client.loadbalancer.LoadBalancerAutoConfiguration$DeferringLoadBalancerInterceptorConfig' of type [org.springframework.cloud.client.loadbalancer.LoadBalancerAutoConfiguration$DeferringLoadBalancerInterceptorConfig] is not eligible for getting processed by all BeanPostProcessors (for example: not eligible for auto-proxying). The currently created BeanPostProcessor [lbRestClientPostProcessor] is declared through a non-static factory method on that class; consider declaring it as static instead.
2024-06-10T21:12:04.329-05:00  WARN 14716 --- [bike-service] [           main] trationDelegate$BeanPostProcessorChecker : Bean 'deferringLoadBalancerInterceptor' of type [org.springframework.cloud.client.loadbalancer.DeferringLoadBalancerInterceptor] is not eligible for getting processed by all BeanPostProcessors (for example: not eligible for auto-proxying). Is this bean getting eagerly injected into a currently created BeanPostProcessor [lbRestClientPostProcessor]? Check the corresponding BeanPostProcessor declaration and its dependencies.
2024-06-10T21:12:04.337-05:00  WARN 14716 --- [bike-service] [           main] trationDelegate$BeanPostProcessorChecker : Bean 'org.springframework.cloud.client.loadbalancer.reactive.LoadBalancerBeanPostProcessorAutoConfiguration' of type [org.springframework.cloud.client.loadbalancer.reactive.LoadBalancerBeanPostProcessorAutoConfiguration] is not eligible for getting processed by all BeanPostProcessors (for example: not eligible for auto-proxying). The currently created BeanPostProcessor [loadBalancerWebClientBuilderBeanPostProcessor] is declared through a non-static factory method on that class; consider declaring it as static instead.
2024-06-10T21:12:04.343-05:00  WARN 14716 --- [bike-service] [           main] trationDelegate$BeanPostProcessorChecker : Bean 'org.springframework.cloud.client.loadbalancer.reactive.LoadBalancerBeanPostProcessorAutoConfiguration$ReactorDeferringLoadBalancerFilterConfig' of type [org.springframework.cloud.client.loadbalancer.reactive.LoadBalancerBeanPostProcessorAutoConfiguration$ReactorDeferringLoadBalancerFilterConfig] is not eligible for getting processed by all BeanPostProcessors (for example: not eligible for auto-proxying). Is this bean getting eagerly injected into a currently created BeanPostProcessor [loadBalancerWebClientBuilderBeanPostProcessor]? Check the corresponding BeanPostProcessor declaration and its dependencies.
2024-06-10T21:12:04.348-05:00  WARN 14716 --- [bike-service] [           main] trationDelegate$BeanPostProcessorChecker : Bean 'reactorDeferringLoadBalancerExchangeFilterFunction' of type [org.springframework.cloud.client.loadbalancer.reactive.DeferringLoadBalancerExchangeFilterFunction] is not eligible for getting processed by all BeanPostProcessors (for example: not eligible for auto-proxying). Is this bean getting eagerly injected into a currently created BeanPostProcessor [loadBalancerWebClientBuilderBeanPostProcessor]? Check the corresponding BeanPostProcessor declaration and its dependencies.
2024-06-10T21:12:07.018-05:00  INFO 14716 --- [bike-service] [           main] o.s.o.j.p.SpringPersistenceUnitInfo      : No LoadTimeWeaver setup: ignoring JPA class transformer
2024-06-10T21:12:07.108-05:00  INFO 14716 --- [bike-service] [           main] com.zaxxer.hikari.HikariDataSource       : HikariPool-1 - Starting...
2024-06-10T21:12:07.953-05:00  INFO 14716 --- [bike-service] [           main] com.zaxxer.hikari.pool.HikariPool        : HikariPool-1 - Added connection com.mysql.cj.jdbc.ConnectionImpl@69d7bc1a
2024-06-10T21:12:07.964-05:00  INFO 14716 --- [bike-service] [           main] com.zaxxer.hikari.HikariDataSource       : HikariPool-1 - Start completed.
2024-06-10T21:12:10.282-05:00  INFO 14716 --- [bike-service] [           main] j.LocalContainerEntityManagerFactoryBean : Initialized JPA EntityManagerFactory for persistence unit 'default'
2024-06-10T21:12:11.615-05:00  WARN 14716 --- [bike-service] [           main] JpaBaseConfiguration$JpaWebConfiguration : spring.jpa.open-in-view is enabled by default. Therefore, database queries may be performed during view rendering. Explicitly configure spring.jpa.open-in-view to disable this warning
2024-06-10T21:12:11.866-05:00 DEBUG 14716 --- [bike-service] [           main] s.w.s.m.m.a.RequestMappingHandlerMapping : 8 mappings in 'requestMappingHandlerMapping'
2024-06-10T21:12:12.026-05:00 DEBUG 14716 --- [bike-service] [           main] o.s.w.s.handler.SimpleUrlHandlerMapping  : Patterns [/webjars/**, /**] in 'resourceHandlerMapping'
2024-06-10T21:12:12.144-05:00 DEBUG 14716 --- [bike-service] [           main] s.w.s.m.m.a.RequestMappingHandlerAdapter : ControllerAdvice beans: 0 @ModelAttribute, 0 @InitBinder, 1 RequestBodyAdvice, 1 ResponseBodyAdvice
2024-06-10T21:12:12.237-05:00 DEBUG 14716 --- [bike-service] [           main] .m.m.a.ExceptionHandlerExceptionResolver : ControllerAdvice beans: 1 @ExceptionHandler, 1 ResponseBodyAdvice
2024-06-10T21:12:14.007-05:00  INFO 14716 --- [bike-service] [           main] o.s.cloud.commons.util.InetUtils         : Cannot determine local hostname
2024-06-10T21:12:15.468-05:00  INFO 14716 --- [bike-service] [           main] o.s.cloud.commons.util.InetUtils         : Cannot determine local hostname
2024-06-10T21:12:15.545-05:00  INFO 14716 --- [bike-service] [           main] DiscoveryClientOptionalArgsConfiguration : Eureka HTTP Client uses RestTemplate.
2024-06-10T21:12:16.839-05:00  INFO 14716 --- [bike-service] [           main] o.s.cloud.commons.util.InetUtils         : Cannot determine local hostname
2024-06-10T21:12:16.979-05:00  WARN 14716 --- [bike-service] [           main] iguration$LoadBalancerCaffeineWarnLogger : Spring Cloud LoadBalancer is currently working with the default cache. While this cache implementation is useful for development and tests, it's recommended to use Caffeine cache in production.You can switch to using Caffeine cache, by adding it and org.springframework.cache.caffeine.CaffeineCacheManager to the classpath.
2024-06-10T21:12:17.030-05:00  INFO 14716 --- [bike-service] [           main] o.s.c.n.eureka.InstanceInfoFactory       : Setting initial instance status as: STARTING
2024-06-10T21:12:17.286-05:00  INFO 14716 --- [bike-service] [           main] com.netflix.discovery.DiscoveryClient    : Initializing Eureka in region us-east-1
2024-06-10T21:12:17.302-05:00  INFO 14716 --- [bike-service] [           main] c.n.d.s.r.aws.ConfigClusterResolver      : Resolving eureka endpoints via configuration
2024-06-10T21:12:17.367-05:00  INFO 14716 --- [bike-service] [           main] com.netflix.discovery.DiscoveryClient    : Disable delta property : false
2024-06-10T21:12:17.367-05:00  INFO 14716 --- [bike-service] [           main] com.netflix.discovery.DiscoveryClient    : Single vip registry refresh property : null
2024-06-10T21:12:17.367-05:00  INFO 14716 --- [bike-service] [           main] com.netflix.discovery.DiscoveryClient    : Force full registry fetch : false
2024-06-10T21:12:17.368-05:00  INFO 14716 --- [bike-service] [           main] com.netflix.discovery.DiscoveryClient    : Application is null : false
2024-06-10T21:12:17.368-05:00  INFO 14716 --- [bike-service] [           main] com.netflix.discovery.DiscoveryClient    : Registered Applications size is zero : true
2024-06-10T21:12:17.368-05:00  INFO 14716 --- [bike-service] [           main] com.netflix.discovery.DiscoveryClient    : Application version is -1: true
2024-06-10T21:12:17.368-05:00  INFO 14716 --- [bike-service] [           main] com.netflix.discovery.DiscoveryClient    : Getting all instance registry info from the eureka server
2024-06-10T21:12:17.745-05:00 DEBUG 14716 --- [bike-service] [           main] o.s.web.client.RestTemplate              : HTTP GET http://localhost:8761/eureka/apps/
2024-06-10T21:12:17.932-05:00 DEBUG 14716 --- [bike-service] [           main] o.s.web.client.RestTemplate              : Accept=[application/json, application/*+json]
2024-06-10T21:12:18.024-05:00 DEBUG 14716 --- [bike-service] [           main] o.s.web.client.RestTemplate              : Response 200 OK
2024-06-10T21:12:18.031-05:00 DEBUG 14716 --- [bike-service] [           main] o.s.web.client.RestTemplate              : Reading to [org.springframework.cloud.netflix.eureka.http.EurekaApplications]
2024-06-10T21:12:18.084-05:00  INFO 14716 --- [bike-service] [           main] com.netflix.discovery.DiscoveryClient    : The response status is 200
2024-06-10T21:12:18.096-05:00  INFO 14716 --- [bike-service] [           main] com.netflix.discovery.DiscoveryClient    : Starting heartbeat executor: renew interval is: 30
2024-06-10T21:12:18.101-05:00  INFO 14716 --- [bike-service] [           main] c.n.discovery.InstanceInfoReplicator     : InstanceInfoReplicator onDemand update allowed rate per min is 4
2024-06-10T21:12:18.109-05:00  INFO 14716 --- [bike-service] [           main] com.netflix.discovery.DiscoveryClient    : Discovery Client initialized at timestamp 1718071938107 with initial instances count: 6
2024-06-10T21:12:18.113-05:00  INFO 14716 --- [bike-service] [           main] o.s.c.n.e.s.EurekaServiceRegistry        : Registering application BIKE-SERVICE with eureka with status UP
2024-06-10T21:12:18.114-05:00  INFO 14716 --- [bike-service] [           main] com.netflix.discovery.DiscoveryClient    : Saw local status change event StatusChangeEvent [timestamp=1718071938114, current=UP, previous=STARTING]
2024-06-10T21:12:18.117-05:00  INFO 14716 --- [bike-service] [nfoReplicator-0] com.netflix.discovery.DiscoveryClient    : DiscoveryClient_BIKE-SERVICE/bike-service:2b143171339d7f87d12170a2fa522809: registering service...
2024-06-10T21:12:18.128-05:00 DEBUG 14716 --- [bike-service] [nfoReplicator-0] o.s.web.client.RestTemplate              : HTTP POST http://localhost:8761/eureka/apps/BIKE-SERVICE
2024-06-10T21:12:18.133-05:00 DEBUG 14716 --- [bike-service] [nfoReplicator-0] o.s.web.client.RestTemplate              : Accept=[application/json, application/*+json]
2024-06-10T21:12:18.137-05:00  INFO 14716 --- [bike-service] [           main] p.e.b.b.BikeServiceApplicationTests      : Started BikeServiceApplicationTests in 25.491 seconds (process running for 29.457)
2024-06-10T21:12:18.169-05:00 DEBUG 14716 --- [bike-service] [nfoReplicator-0] o.s.web.client.RestTemplate              : Writing [InstanceInfo [instanceId = bike-service:2b143171339d7f87d12170a2fa522809, appName = BIKE-SERVICE, hostName = localhost, status = UP, ipAddr = 169.254.202.236, port = 8081, securePort = 443, dataCenterInfo = com.netflix.appinfo.MyDataCenterInfo@27558dee] as "application/json"
2024-06-10T21:12:18.229-05:00 DEBUG 14716 --- [bike-service] [nfoReplicator-0] o.s.web.client.RestTemplate              : Response 204 NO_CONTENT
2024-06-10T21:12:18.230-05:00  INFO 14716 --- [bike-service] [nfoReplicator-0] com.netflix.discovery.DiscoveryClient    : DiscoveryClient_BIKE-SERVICE/bike-service:2b143171339d7f87d12170a2fa522809 - registration status: 204
]]></system-out>
  </testcase>
</testsuite>